<?xml version="1.0" encoding="UTF-8"?>
<testng-results ignored="0" total="1" passed="1" failed="0" skipped="0">
  <reporter-output>
  </reporter-output>
  <suite started-at="2024-09-19T11:22:37 IST" name="All Test Suite" finished-at="2024-09-19T11:23:29 IST" duration-ms="52037">
    <groups>
      <group name="smoke">
        <method signature="tc_4.Errormsg()[pri:0, instance:org.android.test.tc_4@5a82ebf8]" name="Errormsg" class="org.android.test.tc_4"/>
      </group> <!-- smoke -->
    </groups>
    <test started-at="2024-09-19T11:22:37 IST" name="/Users/prajwal/IdeaProjects/Framework-0" finished-at="2024-09-19T11:23:29 IST" duration-ms="52037">
      <class name="org.android.test.tc_4">
        <test-method is-config="true" signature="Configure()[pri:0, instance:org.android.test.tc_4@5a82ebf8]" started-at="2024-09-19T11:22:37 IST" name="Configure" finished-at="2024-09-19T11:23:22 IST" duration-ms="45396" status="PASS">
          <reporter-output>
          </reporter-output>
        </test-method> <!-- Configure -->
        <test-method signature="Errormsg()[pri:0, instance:org.android.test.tc_4@5a82ebf8]" started-at="2024-09-19T11:23:22 IST" name="Errormsg" finished-at="2024-09-19T11:23:26 IST" duration-ms="3808" status="PASS">
          <reporter-output>
          </reporter-output>
        </test-method> <!-- Errormsg -->
        <test-method is-config="true" signature="Teardown()[pri:0, instance:org.android.test.tc_4@5a82ebf8]" started-at="2024-09-19T11:23:26 IST" name="Teardown" finished-at="2024-09-19T11:23:29 IST" duration-ms="2292" status="PASS">
          <reporter-output>
          </reporter-output>
        </test-method> <!-- Teardown -->
      </class> <!-- org.android.test.tc_4 -->
    </test> <!-- /Users/prajwal/IdeaProjects/Framework-0 -->
  </suite> <!-- All Test Suite -->
</testng-results>
