<?xml version="1.0" encoding="UTF-8"?>
<!-- Generated by org.testng.reporters.JUnitXMLReporter -->
<testsuite ignored="1" hostname="AC-LAP-074" failures="0" tests="1" name="/Users/prajwal/IdeaProjects/Framework-0" time="52.037" errors="0" timestamp="2024-09-19T11:23:29 IST">
  <testcase classname="org.android.test.tc_4" name="Errormsg" time="3.808"/>
  <testcase classname="org.android.test.tc_4" name="Fillform" time="0.0">
    <ignored/>
  </testcase> <!-- Fillform -->
</testsuite> <!-- /Users/prajwal/IdeaProjects/Framework-0 -->
